Using pre-set license
Built from '2020.3/release' branch; Version is '2020.3.12f1 (b3b2c6512326) revision 11776710'; Using compiler version '192528614'; Build Type 'Release'
OS: 'Windows 10 Pro; OS build 19042.1237; Version 2009; 64bit' Language: 'es' Physical Memory: 16321 MB
BatchMode: 1, IsHumanControllingUs: 0, StartBugReporterOnCrash: 0, Is64bit: 1, IsPro: 0

 COMMAND LINE ARGUMENTS:
C:\Program Files\Unity\Hub\Editor\2020.3.12f1\Editor\Unity.exe
-adb2
-batchMode
-noUpm
-name
AssetImportWorker0
-projectPath
D:/RAY - 1/SpaceInvadersProject/Space-Invaders-Project/Space Invaders
-logFile
Logs/AssetImportWorker0.log
-srvPort
61564
Successfully changed project path to: D:/RAY - 1/SpaceInvadersProject/Space-Invaders-Project/Space Invaders
D:/RAY - 1/SpaceInvadersProject/Space-Invaders-Project/Space Invaders
Using Asset Import Pipeline V2.
Refreshing native plugins compatible for Editor in 32.12 ms, found 2 plugins.
Preloading 0 native plugins for Editor in 0.00 ms.
Initialize engine version: 2020.3.12f1 (b3b2c6512326)
[Subsystems] Discovering subsystems at path C:/Program Files/Unity/Hub/Editor/2020.3.12f1/Editor/Data/Resources/UnitySubsystems
[Subsystems] Discovering subsystems at path D:/RAY - 1/SpaceInvadersProject/Space-Invaders-Project/Space Invaders/Assets
GfxDevice: creating device client; threaded=0
Direct3D:
    Version:  Direct3D 11.0 [level 11.0]
    Renderer: NVIDIA GeForce GT 730 (ID=0x1287)
    Vendor:   
    VRAM:     4052 MB
    Driver:   27.21.14.6677
Initialize mono
Mono path[0] = 'C:/Program Files/Unity/Hub/Editor/2020.3.12f1/Editor/Data/Managed'
Mono path[1] = 'C:/Program Files/Unity/Hub/Editor/2020.3.12f1/Editor/Data/MonoBleedingEdge/lib/mono/unityjit'
Mono config path = 'C:/Program Files/Unity/Hub/Editor/2020.3.12f1/Editor/Data/MonoBleedingEdge/etc'
Using monoOptions --debugger-agent=transport=dt_socket,embedding=1,server=y,suspend=n,address=127.0.0.1:56332
Begin MonoManager ReloadAssembly
Registering precompiled unity dll's ...
Register platform support module: C:/Program Files/Unity/Hub/Editor/2020.3.12f1/Editor/Data/PlaybackEngines/WebGLSupport/UnityEditor.WebGL.Extensions.dll
Register platform support module: C:/Program Files/Unity/Hub/Editor/2020.3.12f1/Editor/Data/PlaybackEngines/WindowsStandaloneSupport/UnityEditor.WindowsStandalone.Extensions.dll
Registered in 0.002759 seconds.
Native extension for WindowsStandalone target not found
Native extension for WebGL target not found
Refreshing native plugins compatible for Editor in 31.04 ms, found 2 plugins.
Preloading 0 native plugins for Editor in 0.00 ms.
Mono: successfully reloaded assembly
- Completed reload, in  2.220 seconds
Platform modules already initialized, skipping
Registering precompiled user dll's ...
Registered in 0.003180 seconds.
Begin MonoManager ReloadAssembly
Native extension for WindowsStandalone target not found
Native extension for WebGL target not found
Refreshing native plugins compatible for Editor in 0.33 ms, found 2 plugins.
Preloading 0 native plugins for Editor in 0.00 ms.
Mono: successfully reloaded assembly
- Completed reload, in  1.109 seconds
Platform modules already initialized, skipping
========================================================================
Worker process is ready to serve import requests
Launched and connected shader compiler UnityShaderCompiler.exe after 0.05 seconds
Refreshing native plugins compatible for Editor in 0.29 ms, found 2 plugins.
Preloading 0 native plugins for Editor in 0.00 ms.
Unloading 1386 Unused Serialized files (Serialized files now loaded: 0)
System memory in use before: 64.8 MB.
System memory in use after: 64.9 MB.

Unloading 19 unused Assets to reduce memory usage. Loaded Objects now: 1820.
Total: 2.012700 ms (FindLiveObjects: 0.129000 ms CreateObjectMapping: 0.043300 ms MarkObjects: 1.723200 ms  DeleteObjects: 0.116100 ms)

AssetImportParameters requested are different than current active one (requested -> active):
  custom:framework-win-MediaFoundation: 216162199b28c13a410421893ffa2e32 -> 
  custom:video-decoder-ogg-theora: a1e56fd34408186e4bbccfd4996cb3dc -> 
  custom:container-muxer-webm: aa71ff27fc2769a1b78a27578f13a17b -> 
  custom:container-demuxer-webm: 4f35f7cbe854078d1ac9338744f61a02 -> 
  custom:container-demuxer-ogg: 62fdf1f143b41e24485cea50d1cbac27 -> 
  custom:video-encoder-webm-vp8: eb34c28f22e8b96e1ab97ce403110664 -> 
  custom:video-decoder-webm-vp8: 9c59270c3fd7afecdb556c50c9e8de78 -> 
  custom:audio-decoder-ogg-vorbis: bf7c407c2cedff20999df2af8eb42d56 -> 
  custom:audio-encoder-webm-vorbis: bf7c407c2cedff20999df2af8eb42d56 -> 
========================================================================
Received Import Request.
  path: Assets/Animaciones
  artifactKey: Guid(f6b20d17790122c44b10d7117fbb43e6) Importer(815301076,1909f56bfc062723c751e8b465ee728b)
Start importing Assets/Animaciones using Guid(f6b20d17790122c44b10d7117fbb43e6) Importer(815301076,1909f56bfc062723c751e8b465ee728b)  -> (artifact id: '5e63747824e2524e54ee007ef2baf0c5') in 0.011826 seconds 
  Import took 0.014186 seconds .

========================================================================
Received Import Request.
  Time since last request: 1555.303572 seconds.
  path: Assets/Imagenes
  artifactKey: Guid(b6bbc6419987fd54293ad1645ac84744) Importer(815301076,1909f56bfc062723c751e8b465ee728b)
Start importing Assets/Imagenes using Guid(b6bbc6419987fd54293ad1645ac84744) Importer(815301076,1909f56bfc062723c751e8b465ee728b)  -> (artifact id: '2563c5a2f0664c8316d39e97ee0f7b1e') in 0.010690 seconds 
  Import took 0.014611 seconds .

========================================================================
Received Import Request.
  Time since last request: 43.231827 seconds.
  path: Assets/Imagenes/fondo espacio.jpg
  artifactKey: Guid(e5dd3025497182a44a33d3cb3c092f6c) Importer(815301076,1909f56bfc062723c751e8b465ee728b)
Start importing Assets/Imagenes/fondo espacio.jpg using Guid(e5dd3025497182a44a33d3cb3c092f6c) Importer(815301076,1909f56bfc062723c751e8b465ee728b)  -> (artifact id: 'beedbf31c92f0c530ca98af4ac3a361b') in 0.079931 seconds 
  Import took 0.085445 seconds .

========================================================================
Received Import Request.
  Time since last request: 52.903825 seconds.
  path: Assets/Imagenes/fondo espacio.jpg
  artifactKey: Guid(e5dd3025497182a44a33d3cb3c092f6c) Importer(815301076,1909f56bfc062723c751e8b465ee728b)
Start importing Assets/Imagenes/fondo espacio.jpg using Guid(e5dd3025497182a44a33d3cb3c092f6c) Importer(815301076,1909f56bfc062723c751e8b465ee728b)  -> (artifact id: '3ef1003ef79eaa6397cd56d836bde37c') in 0.024968 seconds 
  Import took 0.028253 seconds .

========================================================================
Received Import Request.
  Time since last request: 500.935198 seconds.
  path: Assets/Imagenes/Fondo Espacio 2.jpg
  artifactKey: Guid(679ca4117c7e9c74da09a54d7f96e646) Importer(815301076,1909f56bfc062723c751e8b465ee728b)
Start importing Assets/Imagenes/Fondo Espacio 2.jpg using Guid(679ca4117c7e9c74da09a54d7f96e646) Importer(815301076,1909f56bfc062723c751e8b465ee728b)  -> (artifact id: 'c434cdf45c9a6c3394b396b432b7c2e7') in 0.047325 seconds 
  Import took 0.054441 seconds .

========================================================================
Received Import Request.
  Time since last request: 27.856875 seconds.
  path: Assets/Imagenes/Materials
  artifactKey: Guid(7c881cfbedc5bc04ebce466f31fc0cac) Importer(815301076,1909f56bfc062723c751e8b465ee728b)
Start importing Assets/Imagenes/Materials using Guid(7c881cfbedc5bc04ebce466f31fc0cac) Importer(815301076,1909f56bfc062723c751e8b465ee728b)  -> (artifact id: '0219d2c7bc255d069188ec5a78e5408e') in 0.009183 seconds 
  Import took 0.012336 seconds .

========================================================================
Received Import Request.
  Time since last request: 0.000637 seconds.
  path: Assets/Imagenes/Materials
  artifactKey: Guid(7c881cfbedc5bc04ebce466f31fc0cac) Importer(815301076,1909f56bfc062723c751e8b465ee728b)
Start importing Assets/Imagenes/Materials using Guid(7c881cfbedc5bc04ebce466f31fc0cac) Importer(815301076,1909f56bfc062723c751e8b465ee728b)  -> (artifact id: '0219d2c7bc255d069188ec5a78e5408e') in 0.001920 seconds 
  Import took 0.005546 seconds .

========================================================================
Received Import Request.
  Time since last request: 417.074266 seconds.
  path: Assets/Materiales
  artifactKey: Guid(c53ea8ee1aafdd94fb91aa48f83435de) Importer(815301076,1909f56bfc062723c751e8b465ee728b)
Start importing Assets/Materiales using Guid(c53ea8ee1aafdd94fb91aa48f83435de) Importer(815301076,1909f56bfc062723c751e8b465ee728b)  -> (artifact id: '284522644b82d09511635536d2605f79') in 0.009168 seconds 
  Import took 0.012641 seconds .

========================================================================
Received Import Request.
  Time since last request: 32.356570 seconds.
  path: Assets/Materiales/FondoEspacio.mat
  artifactKey: Guid(1c0e38bd53c49aa45aaaac41630f9bca) Importer(815301076,1909f56bfc062723c751e8b465ee728b)
Start importing Assets/Materiales/FondoEspacio.mat using Guid(1c0e38bd53c49aa45aaaac41630f9bca) Importer(815301076,1909f56bfc062723c751e8b465ee728b)  -> (artifact id: '89c98a10357c1835b34dd4c9767f3990') in 0.083760 seconds 
  Import took 0.086545 seconds .

========================================================================
Received Import Request.
  Time since last request: 116.031264 seconds.
  path: Assets/Materiales/Fondo Espacio 2.jpg
  artifactKey: Guid(c8cfa7e22f8c20d48aa1e8d403e60e8b) Importer(815301076,1909f56bfc062723c751e8b465ee728b)
Start importing Assets/Materiales/Fondo Espacio 2.jpg using Guid(c8cfa7e22f8c20d48aa1e8d403e60e8b) Importer(815301076,1909f56bfc062723c751e8b465ee728b)  -> (artifact id: '4c95b7109a1b8c994273f4b750208018') in 0.013319 seconds 
  Import took 0.016218 seconds .

========================================================================
Received Import Request.
  Time since last request: 0.000280 seconds.
  path: Assets/Materiales/fondo espacio.jpg
  artifactKey: Guid(3ccaedb338b7b27469de038bb17607fa) Importer(815301076,1909f56bfc062723c751e8b465ee728b)
Start importing Assets/Materiales/fondo espacio.jpg using Guid(3ccaedb338b7b27469de038bb17607fa) Importer(815301076,1909f56bfc062723c751e8b465ee728b)  -> (artifact id: 'cf5c659b6ae286562b2e636eb904d47f') in 0.018164 seconds 
  Import took 0.020495 seconds .

========================================================================
Received Import Request.
  Time since last request: 150.662151 seconds.
  path: Assets/Materiales/Hola.mat
  artifactKey: Guid(047bc7a83b7c400459d14e9412705c18) Importer(815301076,1909f56bfc062723c751e8b465ee728b)
Start importing Assets/Materiales/Hola.mat using Guid(047bc7a83b7c400459d14e9412705c18) Importer(815301076,1909f56bfc062723c751e8b465ee728b)  -> (artifact id: '868490901f03aa9ff9b536421e80dc96') in 0.022596 seconds 
  Import took 0.025278 seconds .

========================================================================
Received Import Request.
  Time since last request: 49.518089 seconds.
  path: Assets/Materiales/FondoEspacio.mat
  artifactKey: Guid(1c0e38bd53c49aa45aaaac41630f9bca) Importer(815301076,1909f56bfc062723c751e8b465ee728b)
Start importing Assets/Materiales/FondoEspacio.mat using Guid(1c0e38bd53c49aa45aaaac41630f9bca) Importer(815301076,1909f56bfc062723c751e8b465ee728b)  -> (artifact id: 'a80e086a822ca452ec37f554d8fe670b') in 0.017744 seconds 
  Import took 0.020416 seconds .

AssetImportWorkerClient::OnTransportError - code=2 error=End of file
